<?xml version="1.0" encoding="UTF-8"?>
<testsuite name="br.com.carvalho._0706.TestOperatorOverload" tests="2" skipped="0" failures="0" errors="0" timestamp="2023-04-23T18:01:58" hostname="DESKTOP-3LQDFQ7" time="0.097">
  <properties/>
  <testcase name="Calling OperatorOverload with &quot;(200, 100) plus (1000, 2000)&quot; returns Coordinates(x=1200, y=2100)()" classname="br.com.carvalho._0706.TestOperatorOverload" time="0.08"/>
  <testcase name="Calling OperatorOverload with &quot;(200, 100) minus (1000, 2000)&quot; returns Coordinates(x=1200, y=2100)()" classname="br.com.carvalho._0706.TestOperatorOverload" time="0.007"/>
  <system-out><![CDATA[]]></system-out>
  <system-err><![CDATA[]]></system-err>
</testsuite>
