<?xml version="1.0" encoding="UTF-8"?>
<testsuite name="br.com.carvalho._0506.Test" tests="7" skipped="0" failures="0" errors="0" timestamp="2023-04-23T18:01:58" hostname="DESKTOP-3LQDFQ7" time="0.065">
  <properties/>
  <testcase name="&quot;Fish hsif&quot; is not a palindrome()" classname="br.com.carvalho._0506.Test" time="0.041"/>
  <testcase name="&quot;greetings&quot; is not a palindrome()" classname="br.com.carvalho._0506.Test" time="0.008"/>
  <testcase name="&quot; civic&quot; is not a palindrome()" classname="br.com.carvalho._0506.Test" time="0.002"/>
  <testcase name="&quot;civic &quot; is not a palindrome()" classname="br.com.carvalho._0506.Test" time="0.001"/>
  <testcase name="&quot;civic&quot; is a palindrome()" classname="br.com.carvalho._0506.Test" time="0.001"/>
  <testcase name="&quot;pennep&quot; a palindrome()" classname="br.com.carvalho._0506.Test" time="0.001"/>
  <testcase name="&quot;1000000001&quot; a palindrome()" classname="br.com.carvalho._0506.Test" time="0.001"/>
  <system-out><![CDATA[]]></system-out>
  <system-err><![CDATA[]]></system-err>
</testsuite>
